<?xml version="1.0" encoding="UTF-8"?>
<!-- Generated by org.testng.reporters.JUnitReportReporter -->
<testsuite hostname="Gopi" failures="0" tests="1" name="com.api.tests.ForgotPasswordTerst" time="5.220" errors="0" timestamp="2025-06-29T10:58:53 IST" skipped="0">
  <testcase classname="com.api.tests.ForgotPasswordTerst" name="AccountCreation" time="5.220"/>
</testsuite> <!-- com.api.tests.ForgotPasswordTerst -->
