<?xml version="1.0" encoding="UTF-8"?>
<!-- Generated by org.testng.reporters.JUnitReportReporter -->
<testsuite hostname="Gopi" failures="0" tests="1" name="com.api.tests.LoginAPITest3" time="1.369" errors="0" timestamp="2025-07-03T23:21:45 IST" skipped="0">
  <testcase classname="com.api.tests.LoginAPITest3" name="loginTest" time="1.369"/>
</testsuite> <!-- com.api.tests.LoginAPITest3 -->
