<?xml version="1.0" encoding="UTF-8"?>
<!-- Generated by org.testng.reporters.JUnitReportReporter -->
<testsuite hostname="Gopi" failures="0" tests="1" name="com.api.tests.UpdateProfileInfoTest" time="2.178" errors="0" timestamp="2025-06-29T21:01:18 IST" skipped="0">
  <testcase classname="com.api.tests.UpdateProfileInfoTest" name="UpdateProfileInfoTest" time="2.178"/>
</testsuite> <!-- com.api.tests.UpdateProfileInfoTest -->
