<?xml version="1.0" encoding="UTF-8"?>
<!-- Generated by org.testng.reporters.JUnitReportReporter -->
<testsuite hostname="Gopi" failures="0" tests="1" name="com.api.tests.LoginAPITest" time="3.160" errors="0" timestamp="2025-06-18T08:32:31 IST" skipped="0">
  <testcase classname="com.api.tests.LoginAPITest" name="loginTest" time="3.160"/>
</testsuite> <!-- com.api.tests.LoginAPITest -->
