<?xml version="1.0" encoding="UTF-8"?>
<!-- Generated by org.testng.reporters.JUnitReportReporter -->
<testsuite hostname="Gopi" failures="0" tests="1" name="com.api.tests.AccouiuntCreationTest" time="1.614" errors="0" timestamp="2025-06-29T10:41:08 IST" skipped="0">
  <testcase classname="com.api.tests.AccouiuntCreationTest" name="AccountCreation" time="1.614"/>
</testsuite> <!-- com.api.tests.AccouiuntCreationTest -->
