<?xml version="1.0" encoding="UTF-8"?>
<!-- Generated by org.testng.reporters.JUnitReportReporter -->
<testsuite hostname="Gopi" failures="0" tests="1" name="com.api.tests.GetProfileRequestTest" time="2.549" errors="0" timestamp="2025-06-29T18:00:42 IST" skipped="0">
  <testcase classname="com.api.tests.GetProfileRequestTest" name="getProfileInfoTest" time="2.549"/>
</testsuite> <!-- com.api.tests.GetProfileRequestTest -->
